#
# There is insufficient memory for the Java Runtime Environment to continue.
# Native memory allocation (mmap) failed to map 357957632 bytes for committing reserved memory.
# Possible reasons:
#   The system is out of physical RAM or swap space
#   The process is running with CompressedOops enabled, and the Java Heap may be blocking the growth of the native heap
# Possible solutions:
#   Reduce memory load on the system
#   Increase physical memory or swap space
#   Check if swap backing store is full
#   Decrease Java heap size (-Xmx/-Xms)
#   Decrease number of Java threads
#   Decrease Java thread stack sizes (-Xss)
#   Set larger code cache with -XX:ReservedCodeCacheSize=
# This output file may be truncated or incomplete.
#
#  Out of Memory Error (os_linux.cpp:2757), pid=21070, tid=0x00007f1c36c8e700
#
# JRE version:  (8.0_242-b08) (build )
# Java VM: OpenJDK 64-Bit Server VM (25.242-b08 mixed mode linux-amd64 compressed oops)
# Failed to write core dump. Core dumps have been disabled. To enable core dumping, try "ulimit -c unlimited" before starting Java again
#

---------------  T H R E A D  ---------------

Current thread (0x00007f1c3000a800):  JavaThread "Unknown thread" [_thread_in_vm, id=21071, stack(0x00007f1c36b8e000,0x00007f1c36c8f000)]

Stack: [0x00007f1c36b8e000,0x00007f1c36c8f000],  sp=0x00007f1c36c8d530,  free space=1021k
Native frames: (J=compiled Java code, j=interpreted, Vv=VM code, C=native code)
V  [libjvm.so+0xa7ad8b]
V  [libjvm.so+0x4ccbcc]
V  [libjvm.so+0x8c8a28]
V  [libjvm.so+0x8c006e]
V  [libjvm.so+0xa774e4]
V  [libjvm.so+0x5d3500]
V  [libjvm.so+0xa16e04]
V  [libjvm.so+0x5d429a]
V  [libjvm.so+0x5c04df]
V  [libjvm.so+0xa3e959]
V  [libjvm.so+0xa3eba2]
V  [libjvm.so+0x6181cf]
V  [libjvm.so+0xa23fcb]
V  [libjvm.so+0x692c12]  JNI_CreateJavaVM+0x62
C  [libjli.so+0x2f2e]
C  [libjli.so+0x74ed]
C  [libpthread.so.0+0x76ba]  start_thread+0xca


---------------  P R O C E S S  ---------------

Java Threads: ( => current thread )

Other Threads:

=>0x00007f1c3000a800 (exited) JavaThread "Unknown thread" [_thread_in_vm, id=21071, stack(0x00007f1c36b8e000,0x00007f1c36c8f000)]

VM state:not at safepoint (not fully initialized)

VM Mutex/Monitor currently owned by a thread: None

heap address: 0x00000000e0000000, size: 512 MB, Compressed Oops mode: Non-zero based:0x00000000dffff000
Narrow klass base: 0x0000000000000000, Narrow klass shift: 0

GC Heap History (0 events):
No events

Deoptimization events (0 events):
No events

Classes redefined (0 events):
No events

Internal exceptions (0 events):
No events

Events (0 events):
No events


Dynamic libraries:
00400000-00401000 r-xp 00000000 b6:cf151 659055                          /usr/lib/jvm/java-8-openjdk-amd64/jre/bin/java
00600000-00601000 r--p 00000000 b6:cf151 659055                          /usr/lib/jvm/java-8-openjdk-amd64/jre/bin/java
00601000-00602000 rw-p 00001000 b6:cf151 659055                          /usr/lib/jvm/java-8-openjdk-amd64/jre/bin/java
00fe7000-01008000 rw-p 00000000 00:00 0                                  [heap]
e0000000-eaaa0000 rw-p 00000000 00:00 0 
7f1c200f6000-7f1c2014c000 rw-p 00000000 00:00 0 
7f1c2014c000-7f1c201f6000 ---p 00000000 00:00 0 
7f1c201f6000-7f1c20201000 rw-p 00000000 00:00 0 
7f1c20201000-7f1c205b7000 ---p 00000000 00:00 0 
7f1c205b7000-7f1c20827000 rwxp 00000000 00:00 0 
7f1c20827000-7f1c2f5b7000 ---p 00000000 00:00 0 
7f1c2f5b7000-7f1c2f5bf000 r-xp 00000000 b6:cf151 659108                  /usr/lib/jvm/java-8-openjdk-amd64/jre/lib/amd64/libzip.so
7f1c2f5bf000-7f1c2f7be000 ---p 00008000 b6:cf151 659108                  /usr/lib/jvm/java-8-openjdk-amd64/jre/lib/amd64/libzip.so
7f1c2f7be000-7f1c2f7bf000 r--p 00007000 b6:cf151 659108                  /usr/lib/jvm/java-8-openjdk-amd64/jre/lib/amd64/libzip.so
7f1c2f7bf000-7f1c2f7c0000 rw-p 00008000 b6:cf151 659108                  /usr/lib/jvm/java-8-openjdk-amd64/jre/lib/amd64/libzip.so
7f1c2f7c0000-7f1c2f7cb000 r-xp 00000000 b6:cf151 406331                  /lib/x86_64-linux-gnu/libnss_files-2.23.so
7f1c2f7cb000-7f1c2f9ca000 ---p 0000b000 b6:cf151 406331                  /lib/x86_64-linux-gnu/libnss_files-2.23.so
7f1c2f9ca000-7f1c2f9cb000 r--p 0000a000 b6:cf151 406331                  /lib/x86_64-linux-gnu/libnss_files-2.23.so
7f1c2f9cb000-7f1c2f9cc000 rw-p 0000b000 b6:cf151 406331                  /lib/x86_64-linux-gnu/libnss_files-2.23.so
7f1c2f9cc000-7f1c2f9d2000 rw-p 00000000 00:00 0 
7f1c2f9d2000-7f1c2f9dd000 r-xp 00000000 b6:cf151 406324                  /lib/x86_64-linux-gnu/libnss_nis-2.23.so
7f1c2f9dd000-7f1c2fbdc000 ---p 0000b000 b6:cf151 406324                  /lib/x86_64-linux-gnu/libnss_nis-2.23.so
7f1c2fbdc000-7f1c2fbdd000 r--p 0000a000 b6:cf151 406324                  /lib/x86_64-linux-gnu/libnss_nis-2.23.so
7f1c2fbdd000-7f1c2fbde000 rw-p 0000b000 b6:cf151 406324                  /lib/x86_64-linux-gnu/libnss_nis-2.23.so
7f1c2fbde000-7f1c2fbf4000 r-xp 00000000 b6:cf151 406329                  /lib/x86_64-linux-gnu/libnsl-2.23.so
7f1c2fbf4000-7f1c2fdf3000 ---p 00016000 b6:cf151 406329                  /lib/x86_64-linux-gnu/libnsl-2.23.so
7f1c2fdf3000-7f1c2fdf4000 r--p 00015000 b6:cf151 406329                  /lib/x86_64-linux-gnu/libnsl-2.23.so
7f1c2fdf4000-7f1c2fdf5000 rw-p 00016000 b6:cf151 406329                  /lib/x86_64-linux-gnu/libnsl-2.23.so
7f1c2fdf5000-7f1c2fdf7000 rw-p 00000000 00:00 0 
7f1c2fdf7000-7f1c2fdff000 r-xp 00000000 b6:cf151 406335                  /lib/x86_64-linux-gnu/libnss_compat-2.23.so
7f1c2fdff000-7f1c2fffe000 ---p 00008000 b6:cf151 406335                  /lib/x86_64-linux-gnu/libnss_compat-2.23.so
7f1c2fffe000-7f1c2ffff000 r--p 00007000 b6:cf151 406335                  /lib/x86_64-linux-gnu/libnss_compat-2.23.so
7f1c2ffff000-7f1c30000000 rw-p 00008000 b6:cf151 406335                  /lib/x86_64-linux-gnu/libnss_compat-2.23.so
7f1c30000000-7f1c30034000 rw-p 00000000 00:00 0 
7f1c30034000-7f1c34000000 ---p 00000000 00:00 0 
7f1c34028000-7f1c34051000 r-xp 00000000 b6:cf151 659120                  /usr/lib/jvm/java-8-openjdk-amd64/jre/lib/amd64/libjava.so
7f1c34051000-7f1c34251000 ---p 00029000 b6:cf151 659120                  /usr/lib/jvm/java-8-openjdk-amd64/jre/lib/amd64/libjava.so
7f1c34251000-7f1c34252000 r--p 00029000 b6:cf151 659120                  /usr/lib/jvm/java-8-openjdk-amd64/jre/lib/amd64/libjava.so
7f1c34252000-7f1c34254000 rw-p 0002a000 b6:cf151 659120                  /usr/lib/jvm/java-8-openjdk-amd64/jre/lib/amd64/libjava.so
7f1c34254000-7f1c34263000 r-xp 00000000 b6:cf151 659104                  /usr/lib/jvm/java-8-openjdk-amd64/jre/lib/amd64/libverify.so
7f1c34263000-7f1c34462000 ---p 0000f000 b6:cf151 659104                  /usr/lib/jvm/java-8-openjdk-amd64/jre/lib/amd64/libverify.so
7f1c34462000-7f1c34464000 r--p 0000e000 b6:cf151 659104                  /usr/lib/jvm/java-8-openjdk-amd64/jre/lib/amd64/libverify.so
7f1c34464000-7f1c34465000 rw-p 00010000 b6:cf151 659104                  /usr/lib/jvm/java-8-openjdk-amd64/jre/lib/amd64/libverify.so
7f1c34465000-7f1c3446c000 r-xp 00000000 b6:cf151 406317                  /lib/x86_64-linux-gnu/librt-2.23.so
7f1c3446c000-7f1c3466b000 ---p 00007000 b6:cf151 406317                  /lib/x86_64-linux-gnu/librt-2.23.so
7f1c3466b000-7f1c3466c000 r--p 00006000 b6:cf151 406317                  /lib/x86_64-linux-gnu/librt-2.23.so
7f1c3466c000-7f1c3466d000 rw-p 00007000 b6:cf151 406317                  /lib/x86_64-linux-gnu/librt-2.23.so
7f1c3466d000-7f1c34683000 r-xp 00000000 b6:cf151 393256                  /lib/x86_64-linux-gnu/libgcc_s.so.1
7f1c34683000-7f1c34882000 ---p 00016000 b6:cf151 393256                  /lib/x86_64-linux-gnu/libgcc_s.so.1
7f1c34882000-7f1c34883000 rw-p 00015000 b6:cf151 393256                  /lib/x86_64-linux-gnu/libgcc_s.so.1
7f1c34883000-7f1c3498b000 r-xp 00000000 b6:cf151 406337                  /lib/x86_64-linux-gnu/libm-2.23.so
7f1c3498b000-7f1c34b8a000 ---p 00108000 b6:cf151 406337                  /lib/x86_64-linux-gnu/libm-2.23.so
7f1c34b8a000-7f1c34b8b000 r--p 00107000 b6:cf151 406337                  /lib/x86_64-linux-gnu/libm-2.23.so
7f1c34b8b000-7f1c34b8c000 rw-p 00108000 b6:cf151 406337                  /lib/x86_64-linux-gnu/libm-2.23.so
7f1c34b8c000-7f1c34cfe000 r-xp 00000000 b6:cf151 393269                  /usr/lib/x86_64-linux-gnu/libstdc++.so.6.0.21
7f1c34cfe000-7f1c34efe000 ---p 00172000 b6:cf151 393269                  /usr/lib/x86_64-linux-gnu/libstdc++.so.6.0.21
7f1c34efe000-7f1c34f08000 r--p 00172000 b6:cf151 393269                  /usr/lib/x86_64-linux-gnu/libstdc++.so.6.0.21
7f1c34f08000-7f1c34f0a000 rw-p 0017c000 b6:cf151 393269                  /usr/lib/x86_64-linux-gnu/libstdc++.so.6.0.21
7f1c34f0a000-7f1c34f0e000 rw-p 00000000 00:00 0 
7f1c34f0e000-7f1c35b76000 r-xp 00000000 b6:cf151 659124                  /usr/lib/jvm/java-8-openjdk-amd64/jre/lib/amd64/server/libjvm.so
7f1c35b76000-7f1c35d76000 ---p 00c68000 b6:cf151 659124                  /usr/lib/jvm/java-8-openjdk-amd64/jre/lib/amd64/server/libjvm.so
7f1c35d76000-7f1c35e0a000 r--p 00c68000 b6:cf151 659124                  /usr/lib/jvm/java-8-openjdk-amd64/jre/lib/amd64/server/libjvm.so
7f1c35e0a000-7f1c35e33000 rw-p 00cfc000 b6:cf151 659124                  /usr/lib/jvm/java-8-openjdk-amd64/jre/lib/amd64/server/libjvm.so
7f1c35e33000-7f1c35e63000 rw-p 00000000 00:00 0 
7f1c35e63000-7f1c35e7b000 r-xp 00000000 b6:cf151 406321                  /lib/x86_64-linux-gnu/libpthread-2.23.so
7f1c35e7b000-7f1c3607a000 ---p 00018000 b6:cf151 406321                  /lib/x86_64-linux-gnu/libpthread-2.23.so
7f1c3607a000-7f1c3607b000 r--p 00017000 b6:cf151 406321                  /lib/x86_64-linux-gnu/libpthread-2.23.so
7f1c3607b000-7f1c3607c000 rw-p 00018000 b6:cf151 406321                  /lib/x86_64-linux-gnu/libpthread-2.23.so
7f1c3607c000-7f1c36080000 rw-p 00000000 00:00 0 
7f1c36080000-7f1c36083000 r-xp 00000000 b6:cf151 406319                  /lib/x86_64-linux-gnu/libdl-2.23.so
7f1c36083000-7f1c36282000 ---p 00003000 b6:cf151 406319                  /lib/x86_64-linux-gnu/libdl-2.23.so
7f1c36282000-7f1c36283000 r--p 00002000 b6:cf151 406319                  /lib/x86_64-linux-gnu/libdl-2.23.so
7f1c36283000-7f1c36284000 rw-p 00003000 b6:cf151 406319                  /lib/x86_64-linux-gnu/libdl-2.23.so
7f1c36284000-7f1c3629d000 r-xp 00000000 b6:cf151 396542                  /lib/x86_64-linux-gnu/libz.so.1.2.8
7f1c3629d000-7f1c3649c000 ---p 00019000 b6:cf151 396542                  /lib/x86_64-linux-gnu/libz.so.1.2.8
7f1c3649c000-7f1c3649d000 r--p 00018000 b6:cf151 396542                  /lib/x86_64-linux-gnu/libz.so.1.2.8
7f1c3649d000-7f1c3649e000 rw-p 00019000 b6:cf151 396542                  /lib/x86_64-linux-gnu/libz.so.1.2.8
7f1c3649e000-7f1c3665e000 r-xp 00000000 b6:cf151 406334                  /lib/x86_64-linux-gnu/libc-2.23.so
7f1c3665e000-7f1c3685e000 ---p 001c0000 b6:cf151 406334                  /lib/x86_64-linux-gnu/libc-2.23.so
7f1c3685e000-7f1c36862000 r--p 001c0000 b6:cf151 406334                  /lib/x86_64-linux-gnu/libc-2.23.so
7f1c36862000-7f1c36864000 rw-p 001c4000 b6:cf151 406334                  /lib/x86_64-linux-gnu/libc-2.23.so
7f1c36864000-7f1c36868000 rw-p 00000000 00:00 0 
7f1c36868000-7f1c36875000 r-xp 00000000 b6:cf151 659112                  /usr/lib/jvm/java-8-openjdk-amd64/jre/lib/amd64/jli/libjli.so
7f1c36875000-7f1c36a75000 ---p 0000d000 b6:cf151 659112                  /usr/lib/jvm/java-8-openjdk-amd64/jre/lib/amd64/jli/libjli.so
7f1c36a75000-7f1c36a76000 r--p 0000d000 b6:cf151 659112                  /usr/lib/jvm/java-8-openjdk-amd64/jre/lib/amd64/jli/libjli.so
7f1c36a76000-7f1c36a77000 rw-p 0000e000 b6:cf151 659112                  /usr/lib/jvm/java-8-openjdk-amd64/jre/lib/amd64/jli/libjli.so
7f1c36a77000-7f1c36a9d000 r-xp 00000000 b6:cf151 406320                  /lib/x86_64-linux-gnu/ld-2.23.so
7f1c36b86000-7f1c36b8e000 rw-s 00000000 b6:cf151 137109                  /tmp/hsperfdata_root/21070
7f1c36b8e000-7f1c36b91000 ---p 00000000 00:00 0 
7f1c36b91000-7f1c36c93000 rw-p 00000000 00:00 0 
7f1c36c99000-7f1c36c9a000 rw-p 00000000 00:00 0 
7f1c36c9a000-7f1c36c9b000 r--p 00000000 00:00 0 
7f1c36c9b000-7f1c36c9c000 rw-p 00000000 00:00 0 
7f1c36c9c000-7f1c36c9d000 r--p 00025000 b6:cf151 406320                  /lib/x86_64-linux-gnu/ld-2.23.so
7f1c36c9d000-7f1c36c9e000 rw-p 00026000 b6:cf151 406320                  /lib/x86_64-linux-gnu/ld-2.23.so
7f1c36c9e000-7f1c36c9f000 rw-p 00000000 00:00 0 
7ffc91012000-7ffc91033000 rw-p 00000000 00:00 0                          [stack]
7ffc91185000-7ffc91187000 r-xp 00000000 00:00 0                          [vdso]
ffffffffff600000-ffffffffff601000 r-xp 00000000 00:00 0                  [vsyscall]

VM Arguments:
jvm_args: -Xmx512M -Xms512M 
java_command: server.jar nogui
java_class_path (initial): server.jar
Launcher Type: SUN_STANDARD

Environment Variables:
PATH=/usr/local/sbin:/usr/local/bin:/usr/sbin:/usr/bin:/sbin:/bin:/usr/games:/usr/local/games
SHELL=/bin/bash

Signal Handlers:
SIGSEGV: [libjvm.so+0xa7b8f0], sa_mask[0]=11111111011111111101111111111110, sa_flags=SA_RESTART|SA_SIGINFO
SIGBUS: [libjvm.so+0xa7b8f0], sa_mask[0]=11111111011111111101111111111110, sa_flags=SA_RESTART|SA_SIGINFO
SIGFPE: [libjvm.so+0x8c3a90], sa_mask[0]=11111111011111111101111111111110, sa_flags=SA_RESTART|SA_SIGINFO
SIGPIPE: [libjvm.so+0x8c3a90], sa_mask[0]=11111111011111111101111111111110, sa_flags=SA_RESTART|SA_SIGINFO
SIGXFSZ: [libjvm.so+0x8c3a90], sa_mask[0]=11111111011111111101111111111110, sa_flags=SA_RESTART|SA_SIGINFO
SIGILL: [libjvm.so+0x8c3a90], sa_mask[0]=11111111011111111101111111111110, sa_flags=SA_RESTART|SA_SIGINFO
SIGUSR1: SIG_DFL, sa_mask[0]=00000000000000000000000000000000, sa_flags=none
SIGUSR2: [libjvm.so+0x8c3940], sa_mask[0]=00000000000000000000000000000000, sa_flags=SA_RESTART|SA_SIGINFO
SIGHUP: SIG_DFL, sa_mask[0]=00000000000000000000000000000000, sa_flags=none
SIGINT: SIG_DFL, sa_mask[0]=00000000000000000000000000000000, sa_flags=none
SIGTERM: SIG_DFL, sa_mask[0]=00000000000000000000000000000000, sa_flags=none
SIGQUIT: SIG_DFL, sa_mask[0]=00000000000000000000000000000000, sa_flags=none


---------------  S Y S T E M  ---------------

OS:DISTRIB_ID=Ubuntu
DISTRIB_RELEASE=16.04
DISTRIB_CODENAME=xenial
DISTRIB_DESCRIPTION="Ubuntu 16.04.6 LTS"

uname:Linux 4.4.0 #1 SMP Mon Dec 9 19:36:21 MSK 2019 x86_64
libc:glibc 2.23 NPTL 2.23 
rlimit: STACK 8192k, CORE 0k, NPROC 62987, NOFILE 1048576, AS infinity
load average:0.19 0.43 0.43

/proc/meminfo:
MemTotal:        1048576 kB
MemFree:              68 kB
MemAvailable:      56032 kB
Cached:            38852 kB
Buffers:               0 kB
Active:           510136 kB
Inactive:         485864 kB
Active(anon):     477404 kB
Inactive(anon):   484492 kB
Active(file):      32732 kB
Inactive(file):     1372 kB
Unevictable:           0 kB
Mlocked:               0 kB
SwapTotal:        262144 kB
SwapFree:         174952 kB
Dirty:                 4 kB
Writeback:             0 kB
AnonPages:        961896 kB
Shmem:              4692 kB
Slab:              33056 kB
SReclaimable:      21860 kB
SUnreclaim:        11196 kB

container (cgroup) information:
container_type: cgroupv1
cpu_cpuset_cpus: 0-39
cpu_memory_nodes: 0-1
active_processor_count: 2
cpu_quota: 109960
cpu_period: 100000
cpu_shares: -1
memory_limit_in_bytes: 1073741824
memory_and_swap_limit_in_bytes: 1342177280
memory_soft_limit_in_bytes: -1
memory_usage_in_bytes: 1073676288
memory_max_usage_in_bytes: 1075863552


CPU:total 40 (initial active 2) (10 cores per cpu, 2 threads per core) family 6 model 85 stepping 4, cmov, cx8, fxsr, mmx, sse, sse2, sse3, ssse3, sse4.1, sse4.2, popcnt, avx, avx2, aes, clmul, erms, rtm, 3dnowpref, lzcnt, ht, tsc, tscinvbit, bmi1, bmi2, adx

/proc/cpuinfo:
processor	: 0
vendor_id	: GenuineIntel
cpu family	: 6
model		: 85
model name	: Intel(R) Xeon(R) Silver 4114 CPU @ 2.20GHz
stepping	: 4
microcode	: 0x2000064
cpu MHz		: 1374.497
cache size	: 14080 KB
physical id	: 0
siblings	: 20
core id		: 0
cpu cores	: 10
apicid		: 0
initial apicid	: 0
fpu		: yes
fpu_exception	: yes
cpuid level	: 22
wp		: yes
flags		: fpu vme de pse tsc msr pae mce cx8 apic sep mtrr pge mca cmov pat pse36 clflush dts acpi mmx fxsr sse sse2 ss ht tm pbe syscall nx pdpe1gb rdtscp lm constant_tsc art arch_perfmon pebs bts rep_good nopl xtopology nonstop_tsc aperfmperf eagerfpu cpuid_faulting pni pclmulqdq dtes64 monitor ds_cpl vmx smx est tm2 ssse3 sdbg fma cx16 xtpr pdcm pcid dca sse4_1 sse4_2 x2apic movbe popcnt tsc_deadline_timer aes xsave avx f16c rdrand lahf_lm abm 3dnowprefetch epb cat_l3 cdp_l3 invpcid_single intel_ppin intel_pt ssbd mba ibrs ibpb stibp tpr_shadow vnmi flexpriority ept vpid fsgsbase tsc_adjust bmi1 hle avx2 smep bmi2 erms invpcid rtm cqm mpx rdt_a avx512f avx512dq rdseed adx smap clflushopt clwb avx512cd avx512bw avx512vl xsaveopt xsavec xgetbv1 cqm_llc cqm_occup_llc cqm_mbm_total cqm_mbm_local dtherm ida arat pln pts pku ospke md_clear spec_ctrl intel_stibp flush_l1d
bogomips	: 4400.00
clflush size	: 64
cache_alignment	: 64
address sizes	: 46 bits physical, 48 bits virtual
power management:

processor	: 1
vendor_id	: GenuineIntel
cpu family	: 6
model		: 85
model name	: Intel(R) Xeon(R) Silver 4114 CPU @ 2.20GHz
stepping	: 4
microcode	: 0x2000064
cpu MHz		: 1209.496
cache size	: 14080 KB
physical id	: 0
siblings	: 20
core id		: 1
cpu cores	: 10
apicid		: 2
initial apicid	: 2
fpu		: yes
fpu_exception	: yes
cpuid level	: 22
wp		: yes
flags		: fpu vme de pse tsc msr pae mce cx8 apic sep mtrr pge mca cmov pat pse36 clflush dts acpi mmx fxsr sse sse2 ss ht tm pbe syscall nx pdpe1gb rdtscp lm constant_tsc art arch_perfmon pebs bts rep_good nopl xtopology nonstop_tsc aperfmperf eagerfpu cpuid_faulting pni pclmulqdq dtes64 monitor ds_cpl vmx smx est tm2 ssse3 sdbg fma cx16 xtpr pdcm pcid dca sse4_1 sse4_2 x2apic movbe popcnt tsc_deadline_timer aes xsave avx f16c rdrand lahf_lm abm 3dnowprefetch epb cat_l3 cdp_l3 invpcid_single intel_ppin intel_pt ssbd mba ibrs ibpb stibp tpr_shadow vnmi flexpriority ept vpid fsgsbase tsc_adjust bmi1 hle avx2 smep bmi2 erms invpcid rtm cqm mpx rdt_a avx512f avx512dq rdseed adx smap clflushopt clwb avx512cd avx512bw avx512vl xsaveopt xsavec xgetbv1 cqm_llc cqm_occup_llc cqm_mbm_total cqm_mbm_local dtherm ida arat pln pts pku ospke md_clear spec_ctrl intel_stibp flush_l1d
bogomips	: 4400.00
clflush size	: 64
cache_alignment	: 64
address sizes	: 46 bits physical, 48 bits virtual
power management:



Memory: 4k page, physical 1048576k(140k free), swap 262144k(174952k free)

vm_info: OpenJDK 64-Bit Server VM (25.242-b08) for linux-amd64 JRE (1.8.0_242-8u242-b08-0ubuntu3~16.04-b08), built on Jan 18 2020 03:34:56 by "buildd" with gcc 5.4.0 20160609

time: Mon Mar 23 14:17:18 2020
timezone: UTC
elapsed time: 0 seconds (0d 0h 0m 0s)

