[05:20:23] [main/WARN]: Ambiguity between arguments [teleport, destination] and [teleport, targets] with inputs: [Player, 0123, @e, dd12be42-52a9-4a91-a8a1-11c01849e498]
[05:20:23] [main/WARN]: Ambiguity between arguments [teleport, location] and [teleport, destination] with inputs: [0.1 -0.5 .9, 0 0 0]
[05:20:23] [main/WARN]: Ambiguity between arguments [teleport, location] and [teleport, targets] with inputs: [0.1 -0.5 .9, 0 0 0]
[05:20:23] [main/WARN]: Ambiguity between arguments [teleport, targets] and [teleport, destination] with inputs: [Player, 0123, dd12be42-52a9-4a91-a8a1-11c01849e498]
[05:20:23] [main/WARN]: Ambiguity between arguments [teleport, targets, location] and [teleport, targets, destination] with inputs: [0.1 -0.5 .9, 0 0 0]
[05:20:23] [Server thread/INFO]: Starting minecraft server version 1.15.2
[05:20:23] [Server thread/WARN]: To start the server with more ram, launch it as "java -Xmx1024M -Xms1024M -jar minecraft_server.jar"
[05:20:23] [Server thread/INFO]: Loading properties
[05:20:23] [Server thread/INFO]: Default game type: SURVIVAL
[05:20:23] [Server thread/INFO]: Generating keypair
[05:20:24] [Server thread/INFO]: Starting Minecraft server on *:25565
[05:20:24] [Server thread/INFO]: Using epoll channel type
[05:20:24] [Server thread/INFO]: Preparing level "world"
[05:20:24] [Server thread/INFO]: Reloading ResourceManager: Default
[05:20:29] [Server thread/INFO]: Loaded 6 recipes
[05:20:30] [Server thread/INFO]: Loaded 825 advancements
[05:20:34] [Server thread/INFO]: Preparing start region for dimension minecraft:overworld
[05:20:37] [Server thread/INFO]: Preparing spawn area: 0%
[05:20:37] [Server thread/INFO]: Preparing spawn area: 0%
[05:20:37] [Server thread/INFO]: Preparing spawn area: 0%
[05:20:37] [Server thread/INFO]: Preparing spawn area: 0%
[05:20:37] [Server thread/INFO]: Preparing spawn area: 0%
[05:20:37] [Server thread/INFO]: Preparing spawn area: 0%
[05:20:37] [Server thread/INFO]: Preparing spawn area: 0%
[05:20:37] [Server thread/INFO]: Preparing spawn area: 0%
[05:21:04] [User Authenticator #1/INFO]: UUID of player MaestroGotNoLife is 89ecc512-d75b-400a-a9b6-c8260127244c
[05:21:06] [Server-Worker-1/INFO]: Preparing spawn area: 0%
[05:21:06] [Server-Worker-1/INFO]: Preparing spawn area: 0%
[05:21:06] [Server-Worker-1/INFO]: Preparing spawn area: 0%
[05:21:06] [Server-Worker-1/INFO]: Preparing spawn area: 0%
[05:21:06] [Server-Worker-1/INFO]: Preparing spawn area: 0%
[05:21:06] [Server-Worker-1/INFO]: Preparing spawn area: 0%
[05:21:06] [Server-Worker-1/INFO]: Preparing spawn area: 0%
[05:21:06] [Server-Worker-1/INFO]: Preparing spawn area: 0%
[05:21:06] [Server-Worker-1/INFO]: Preparing spawn area: 0%
[05:21:06] [Server-Worker-1/INFO]: Preparing spawn area: 0%
[05:21:06] [Server-Worker-1/INFO]: Preparing spawn area: 0%
[05:21:06] [Server-Worker-1/INFO]: Preparing spawn area: 0%
[05:21:06] [Server-Worker-1/INFO]: Preparing spawn area: 0%
[05:21:06] [Server-Worker-1/INFO]: Preparing spawn area: 0%
[05:21:06] [Server-Worker-1/INFO]: Preparing spawn area: 0%
[05:21:06] [Server-Worker-1/INFO]: Preparing spawn area: 0%
[05:21:06] [Server-Worker-1/INFO]: Preparing spawn area: 0%
[05:21:06] [Server-Worker-1/INFO]: Preparing spawn area: 0%
[05:21:06] [Server-Worker-1/INFO]: Preparing spawn area: 0%
[05:21:06] [Server-Worker-1/INFO]: Preparing spawn area: 0%
[05:21:06] [Server-Worker-1/INFO]: Preparing spawn area: 0%
[05:21:06] [Server-Worker-1/INFO]: Preparing spawn area: 0%
[05:21:06] [Server-Worker-1/INFO]: Preparing spawn area: 0%
[05:21:06] [Server-Worker-1/INFO]: Preparing spawn area: 0%
[05:21:06] [Server-Worker-1/INFO]: Preparing spawn area: 0%
[05:21:06] [Server-Worker-1/INFO]: Preparing spawn area: 0%
[05:21:06] [Server-Worker-1/INFO]: Preparing spawn area: 0%
[05:21:06] [Server-Worker-1/INFO]: Preparing spawn area: 0%
[05:21:06] [Server-Worker-1/INFO]: Preparing spawn area: 0%
[05:21:06] [Server-Worker-1/INFO]: Preparing spawn area: 0%
[05:21:06] [Server-Worker-1/INFO]: Preparing spawn area: 0%
[05:21:06] [Server-Worker-1/INFO]: Preparing spawn area: 0%
[05:21:06] [Server-Worker-1/INFO]: Preparing spawn area: 0%
[05:21:06] [Server-Worker-1/INFO]: Preparing spawn area: 0%
[05:21:06] [Server-Worker-1/INFO]: Preparing spawn area: 0%
[05:21:06] [Server-Worker-1/INFO]: Preparing spawn area: 0%
[05:21:06] [Server-Worker-1/INFO]: Preparing spawn area: 0%
[05:21:06] [Server-Worker-1/INFO]: Preparing spawn area: 0%
[05:21:06] [Server-Worker-1/INFO]: Preparing spawn area: 0%
[05:21:06] [Server-Worker-1/INFO]: Preparing spawn area: 0%
[05:21:06] [Server-Worker-1/INFO]: Preparing spawn area: 0%
[05:21:06] [Server-Worker-1/INFO]: Preparing spawn area: 0%
[05:21:06] [Server-Worker-1/INFO]: Preparing spawn area: 0%
[05:21:06] [Server-Worker-1/INFO]: Preparing spawn area: 0%
[05:21:06] [Server-Worker-1/INFO]: Preparing spawn area: 0%
[05:21:06] [Server-Worker-1/INFO]: Preparing spawn area: 0%
[05:21:06] [Server-Worker-1/INFO]: Preparing spawn area: 0%
[05:21:06] [Server-Worker-1/INFO]: Preparing spawn area: 0%
[05:21:06] [Server-Worker-1/INFO]: Preparing spawn area: 0%
[05:21:06] [Server-Worker-1/INFO]: Preparing spawn area: 0%
[05:21:06] [Server-Worker-1/INFO]: Preparing spawn area: 0%
[05:21:06] [Server-Worker-1/INFO]: Preparing spawn area: 0%
[05:21:06] [Server-Worker-1/INFO]: Preparing spawn area: 0%
[05:21:06] [Server-Worker-1/INFO]: Preparing spawn area: 0%
[05:21:06] [Server-Worker-1/INFO]: Preparing spawn area: 0%
[05:21:06] [Server-Worker-1/INFO]: Preparing spawn area: 0%
[05:21:06] [Server-Worker-1/INFO]: Preparing spawn area: 0%
[05:21:06] [Server-Worker-1/INFO]: Preparing spawn area: 0%
[05:21:07] [Server thread/INFO]: Preparing spawn area: 3%
[05:21:07] [Server thread/INFO]: Preparing spawn area: 86%
[05:21:08] [Server thread/INFO]: Time elapsed: 33944 ms
[05:21:08] [Server thread/INFO]: Done (43.498s)! For help, type "help"
[05:21:08] [Server thread/INFO]: MaestroGotNoLife[/103.78.114.78:10573] logged in with entity id 174 at (1323.1069283526226, 64.0, 1162.6922507291695)
[05:21:08] [Server thread/INFO]: MaestroGotNoLife joined the game
[05:21:10] [Server thread/WARN]: Can't keep up! Is the server overloaded? Running 2018ms or 40 ticks behind
[05:21:34] [Server thread/WARN]: Can't keep up! Is the server overloaded? Running 9565ms or 191 ticks behind
[05:26:22] [Server thread/WARN]: Can't keep up! Is the server overloaded? Running 2521ms or 50 ticks behind
[05:26:56] [Server thread/INFO]: <MaestroGotNoLife> MaestroGotNoLife
[05:32:45] [Server thread/WARN]: Can't keep up! Is the server overloaded? Running 2027ms or 40 ticks behind
[05:41:26] [Server thread/WARN]: Can't keep up! Is the server overloaded? Running 2097ms or 41 ticks behind
